<?xml version="1.0" encoding="UTF-8"?>
<!-- Generated by org.testng.reporters.JUnitReportReporter -->
<testsuite skipped="0" hostname="DESKTOP-D9T5R4U" name="com.testrunner.Test1" tests="1" failures="0" timestamp="2020-04-12T20:27:58 IST" time="206.394" errors="0">
  <testcase name="feature" time="206.394" classname="com.testrunner.Test1"/>
</testsuite> <!-- com.testrunner.Test1 -->
